<?xml version="1.0" encoding="UTF-8"?>
<testsuite xmlns:xsi="http://www.w3.org/2001/XMLSchema-instance" xsi:noNamespaceSchemaLocation="https://maven.apache.org/surefire/maven-surefire-plugin/xsd/surefire-test-report-3.0.xsd" version="3.0" name="TestSuite" time="1.631" tests="4" errors="0" skipped="0" failures="0">
  <properties>
    <property name="sun.desktop" value="windows"/>
    <property name="awt.toolkit" value="sun.awt.windows.WToolkit"/>
    <property name="file.encoding.pkg" value="sun.io"/>
    <property name="java.specification.version" value="1.8"/>
    <property name="sun.cpu.isalist" value="amd64"/>
    <property name="sun.jnu.encoding" value="Cp1252"/>
    <property name="java.class.path" value="C:\Users\sumailaa\eclipse-workspaceApril\CRMApplication\target\test-classes;C:\Users\sumailaa\eclipse-workspaceApril\CRMApplication\target\classes;C:\Users\sumailaa\.m2\repository\org\testng\testng\6.14.3\testng-6.14.3.jar;C:\Users\sumailaa\.m2\repository\com\beust\jcommander\1.72\jcommander-1.72.jar;C:\Users\sumailaa\.m2\repository\org\apache-extras\beanshell\bsh\2.0b6\bsh-2.0b6.jar;"/>
    <property name="java.vm.vendor" value="Oracle Corporation"/>
    <property name="sun.arch.data.model" value="64"/>
    <property name="user.variant" value=""/>
    <property name="java.vendor.url" value="http://java.oracle.com/"/>
    <property name="user.timezone" value="Asia/Calcutta"/>
    <property name="java.vm.specification.version" value="1.8"/>
    <property name="os.name" value="Windows 10"/>
    <property name="user.country" value="US"/>
    <property name="sun.java.launcher" value="SUN_STANDARD"/>
    <property name="sun.boot.library.path" value="C:\Program Files\Java\jdk1.8.0_171\jre\bin"/>
    <property name="sun.java.command" value="C:\Users\sumailaa\AppData\Local\Temp\surefire9020886809229360816\surefirebooter907132243629049235.jar C:\Users\sumailaa\AppData\Local\Temp\surefire9020886809229360816 2019-05-11T21-03-27_893-jvmRun1 surefire2196746218166223734tmp surefire_08836553871535101394tmp"/>
    <property name="surefire.test.class.path" value="C:\Users\sumailaa\eclipse-workspaceApril\CRMApplication\target\test-classes;C:\Users\sumailaa\eclipse-workspaceApril\CRMApplication\target\classes;C:\Users\sumailaa\.m2\repository\org\testng\testng\6.14.3\testng-6.14.3.jar;C:\Users\sumailaa\.m2\repository\com\beust\jcommander\1.72\jcommander-1.72.jar;C:\Users\sumailaa\.m2\repository\org\apache-extras\beanshell\bsh\2.0b6\bsh-2.0b6.jar;"/>
    <property name="sun.cpu.endian" value="little"/>
    <property name="user.home" value="C:\Users\sumailaa"/>
    <property name="user.language" value="en"/>
    <property name="java.specification.vendor" value="Oracle Corporation"/>
    <property name="java.home" value="C:\Program Files\Java\jdk1.8.0_171\jre"/>
    <property name="basedir" value="C:\Users\sumailaa\eclipse-workspaceApril\CRMApplication"/>
    <property name="file.separator" value="\"/>
    <property name="line.separator" value="&#10;"/>
    <property name="java.vm.specification.vendor" value="Oracle Corporation"/>
    <property name="java.specification.name" value="Java Platform API Specification"/>
    <property name="java.awt.graphicsenv" value="sun.awt.Win32GraphicsEnvironment"/>
    <property name="surefire.real.class.path" value="C:\Users\sumailaa\AppData\Local\Temp\surefire9020886809229360816\surefirebooter907132243629049235.jar"/>
    <property name="sun.boot.class.path" value="C:\Program Files\Java\jdk1.8.0_171\jre\lib\resources.jar;C:\Program Files\Java\jdk1.8.0_171\jre\lib\rt.jar;C:\Program Files\Java\jdk1.8.0_171\jre\lib\sunrsasign.jar;C:\Program Files\Java\jdk1.8.0_171\jre\lib\jsse.jar;C:\Program Files\Java\jdk1.8.0_171\jre\lib\jce.jar;C:\Program Files\Java\jdk1.8.0_171\jre\lib\charsets.jar;C:\Program Files\Java\jdk1.8.0_171\jre\lib\jfr.jar;C:\Program Files\Java\jdk1.8.0_171\jre\classes"/>
    <property name="user.script" value=""/>
    <property name="sun.management.compiler" value="HotSpot 64-Bit Tiered Compilers"/>
    <property name="java.runtime.version" value="1.8.0_171-b11"/>
    <property name="user.name" value="sumailaa"/>
    <property name="path.separator" value=";"/>
    <property name="xmlFile" value="testng.xml"/>
    <property name="os.version" value="10.0"/>
    <property name="java.endorsed.dirs" value="C:\Program Files\Java\jdk1.8.0_171\jre\lib\endorsed"/>
    <property name="java.runtime.name" value="Java(TM) SE Runtime Environment"/>
    <property name="file.encoding" value="Cp1252"/>
    <property name="java.vm.name" value="Java HotSpot(TM) 64-Bit Server VM"/>
    <property name="localRepository" value="C:\Users\sumailaa\.m2\repository"/>
    <property name="java.vendor.url.bug" value="http://bugreport.sun.com/bugreport/"/>
    <property name="java.io.tmpdir" value="C:\Users\sumailaa\AppData\Local\Temp\"/>
    <property name="java.version" value="1.8.0_171"/>
    <property name="user.dir" value="C:\Users\sumailaa\eclipse-workspaceApril\CRMApplication"/>
    <property name="os.arch" value="amd64"/>
    <property name="java.vm.specification.name" value="Java Virtual Machine Specification"/>
    <property name="java.awt.printerjob" value="sun.awt.windows.WPrinterJob"/>
    <property name="sun.os.patch.level" value=""/>
    <property name="java.library.path" value="C:\Program Files\Java\jdk1.8.0_171\jre\bin;C:\WINDOWS\Sun\Java\bin;C:\WINDOWS\system32;C:\WINDOWS;C:\Program Files (x86)\Common Files\Oracle\Java\javapath;C:\ProgramData\DockerDesktop\version-bin;C:\Program Files\Docker\Docker\Resources\bin;C:\WINDOWS\system32;C:\WINDOWS;C:\WINDOWS\System32\Wbem;C:\WINDOWS\System32\WindowsPowerShell\v1.0\;C:\Program Files\PuTTY\;C:\Program Files\TortoiseSVN\bin;C:\Program Files\TortoiseHg\;C:\Program Files\Git\cmd;C:\Program Files\nodejs\;D:\Suman_Work\apache-ant-1.10.3-bin\apache-ant-1.10.3\bin;D:\Softwares\apache-maven-3.5.4-bin\apache-maven-3.5.4\bin;C:\Program Files\Java\jdk1.8.0_171\bin;C:\Program Files\Collaborator Client;C:\ProgramData\chocolatey\bin;C:\Program Files (x86)\Sennheiser\SoftphoneSDK\;C:\WINDOWS\System32\OpenSSH\;C:\Users\sumailaa\AppData\Local\Programs\Python\Python37\Scripts\;C:\Users\sumailaa\AppData\Local\Programs\Python\Python37\;C:\Users\sumailaa\AppData\Local\Microsoft\WindowsApps;C:\Users\sumailaa\AppData\Local\GitHubDesktop\bin;C:\Users\sumailaa\AppData\Roaming\npm;D:\Suman_Work\apache-ant-1.10.3-bin\apache-ant-1.10.3\bin;C:\Program Files\Java\jdk1.8.0_171\bin;C:\ProgramData\sumailaa\atom\bin;C:\Users\sumailaa\AppData\Local\atom\bin;C:\Users\sumailaa\AppData\Local\Programs\Microsoft VS Code\bin;C:\Program Files\Collaborator Client;C:\Users\sumailaa\AppData\Local\Microsoft\WindowsApps;C:\Program Files\JetBrains\PyCharm Community Edition 2018.3.4\bin;;;."/>
    <property name="java.vm.info" value="mixed mode"/>
    <property name="java.vendor" value="Oracle Corporation"/>
    <property name="java.vm.version" value="25.171-b11"/>
    <property name="java.ext.dirs" value="C:\Program Files\Java\jdk1.8.0_171\jre\lib\ext;C:\WINDOWS\Sun\Java\lib\ext"/>
    <property name="sun.io.unicode.encoding" value="UnicodeLittle"/>
    <property name="java.class.version" value="52.0"/>
  </properties>
  <testcase name="test10" classname="abcd.NewTest3" time="0.015"/>
  <testcase name="test11" classname="abcd.NewTest3" time="0"/>
  <testcase name="test12" classname="abcd.NewTest3" time="0"/>
  <testcase name="test9" classname="abcd.NewTest3" time="0"/>
</testsuite>