<?xml version="1.0" encoding="UTF-8"?>
<!-- Generated by org.testng.reporters.JUnitReportReporter -->
<testsuite skipped="0" hostname="SUMAILAA-IN" name="abcd.NewTest3" tests="4" failures="0" timestamp="11 May 2019 15:33:32 GMT" time="0.015" errors="0">
  <testcase name="test11" time="0.000" classname="abcd.NewTest3"/>
  <testcase name="test12" time="0.000" classname="abcd.NewTest3"/>
  <testcase name="test9" time="0.000" classname="abcd.NewTest3"/>
  <testcase name="test10" time="0.015" classname="abcd.NewTest3"/>
</testsuite> <!-- abcd.NewTest3 -->
